<?xml version="1.0" encoding="UTF-8"?>
<!-- Generated by org.testng.reporters.JUnitXMLReporter -->
<testsuite hostname="DESKTOP-9DC16RT" name="Functionality test1" tests="6" failures="1" timestamp="3 Sep 2020 11:00:28 GMT" time="473.88" errors="0">
  <testcase name="@AfterMethod afterMainMethod" time="0.0" classname="OPDEMR.tests.LoginTest">
    <failure type="java.net.UnknownHostException" message="reqres.in">
      <![CDATA[java.net.UnknownHostException: reqres.in
	at java.net.AbstractPlainSocketImpl.connect(AbstractPlainSocketImpl.java:184)
	at java.net.PlainSocketImpl.connect(PlainSocketImpl.java:172)
	at java.net.SocksSocketImpl.connect(SocksSocketImpl.java:392)
	at java.net.Socket.connect(Socket.java:606)
	at sun.security.ssl.SSLSocketImpl.connect(SSLSocketImpl.java:666)
	at sun.security.ssl.BaseSSLSocketImpl.connect(BaseSSLSocketImpl.java:173)
	at sun.net.NetworkClient.doConnect(NetworkClient.java:180)
	at sun.net.www.http.HttpClient.openServer(HttpClient.java:463)
	at sun.net.www.http.HttpClient.openServer(HttpClient.java:558)
	at sun.net.www.protocol.https.HttpsClient.<init>(HttpsClient.java:264)
	at sun.net.www.protocol.https.HttpsClient.New(HttpsClient.java:367)
	at sun.net.www.protocol.https.AbstractDelegateHttpsURLConnection.getNewHttpClient(AbstractDelegateHttpsURLConnection.java:191)
	at sun.net.www.protocol.http.HttpURLConnection.plainConnect0(HttpURLConnection.java:1162)
	at sun.net.www.protocol.http.HttpURLConnection.plainConnect(HttpURLConnection.java:1056)
	at sun.net.www.protocol.https.AbstractDelegateHttpsURLConnection.connect(AbstractDelegateHttpsURLConnection.java:177)
	at sun.net.www.protocol.http.HttpURLConnection.getOutputStream0(HttpURLConnection.java:1340)
	at sun.net.www.protocol.http.HttpURLConnection.getOutputStream(HttpURLConnection.java:1315)
	at sun.net.www.protocol.https.HttpsURLConnectionImpl.getOutputStream(HttpsURLConnectionImpl.java:264)
	at OPDEMR.tests.BaseTest.ApiCall(BaseTest.java:410)
	at OPDEMR.tests.BaseTest.afterMainMethod(BaseTest.java:277)
... Removed 26 stack frames]]>
    </failure>
  </testcase> <!-- @AfterMethod afterMainMethod -->
  <testcase name="@BeforeMethod driversetup" time="0.0" classname="OPDEMR.tests.LoginTest">
    <skipped/>
  </testcase> <!-- @BeforeMethod driversetup -->
  <testcase name="@BeforeMethod initializePages" time="0.0" classname="OPDEMR.tests.LoginTest">
    <skipped/>
  </testcase> <!-- @BeforeMethod initializePages -->
  <testcase name="@BeforeMethod driversetup" time="0.0" classname="OPDEMR.tests.SearchTest">
    <skipped/>
  </testcase> <!-- @BeforeMethod driversetup -->
  <testcase name="@BeforeMethod initializePages" time="0.0" classname="OPDEMR.tests.SearchTest">
    <skipped/>
  </testcase> <!-- @BeforeMethod initializePages -->
  <testcase name="@AfterMethod afterMainMethod" time="0.0" classname="OPDEMR.tests.SearchTest">
    <failure type="java.lang.NullPointerException">
      <![CDATA[java.lang.NullPointerException
	at OPDEMR.tests.BaseTest.afterMainMethod(BaseTest.java:282)
... Removed 26 stack frames]]>
    </failure>
  </testcase> <!-- @AfterMethod afterMainMethod -->
  <testcase name="@BeforeMethod driversetup" time="0.0" classname="OPDEMR.tests.SearchTest">
    <skipped/>
  </testcase> <!-- @BeforeMethod driversetup -->
  <testcase name="@BeforeMethod initializePages" time="0.0" classname="OPDEMR.tests.SearchTest">
    <skipped/>
  </testcase> <!-- @BeforeMethod initializePages -->
  <testcase name="@AfterMethod afterMainMethod" time="0.0" classname="OPDEMR.tests.SearchTest">
    <failure type="java.lang.NullPointerException">
      <![CDATA[java.lang.NullPointerException
	at OPDEMR.tests.BaseTest.afterMainMethod(BaseTest.java:282)
... Removed 26 stack frames]]>
    </failure>
  </testcase> <!-- @AfterMethod afterMainMethod -->
  <testcase name="VerifyObjectsOfLoginPage" time="154.919" classname="OPDEMR.tests.LoginTest"/>
  <testcase name="VerifyChangePasswordTestCases" time="20.353" classname="OPDEMR.tests.LoginTest"/>
  <testcase name="VerifyChangePasswordAndLoggingInAndChangingAgain" time="266.464" classname="OPDEMR.tests.LoginTest">
    <failure type="org.openqa.selenium.NoSuchElementException" message="no such element: Unable to locate element: {&amp;quot;method&amp;quot;:&amp;quot;css selector&amp;quot;,&amp;quot;selector&amp;quot;:&amp;quot;#user_dropdown_btn&amp;quot;}
  (Session info: chrome=85.0.4183.83)
For documentation on this error, please visit: https://www.seleniumhq.org/exceptions/no_such_element.html
Build info: version: &amp;apos;3.141.59&amp;apos;, revision: &amp;apos;e82be7d358&amp;apos;, time: &amp;apos;2018-11-14T08:17:03&amp;apos;
System info: host: &amp;apos;DESKTOP-9DC16RT&amp;apos;, ip: &amp;apos;192.168.99.1&amp;apos;, os.name: &amp;apos;Windows 10&amp;apos;, os.arch: &amp;apos;amd64&amp;apos;, os.version: &amp;apos;10.0&amp;apos;, java.version: &amp;apos;1.8.0_241&amp;apos;
Driver info: org.openqa.selenium.chrome.ChromeDriver
Capabilities {acceptInsecureCerts: false, browserName: chrome, browserVersion: 85.0.4183.83, chrome: {chromedriverVersion: 84.0.4147.30 (48b3e868b4cc0..., userDataDir: C:\Users\Ashraf\AppData\Loc...}, goog:chromeOptions: {debuggerAddress: localhost:64887}, javascriptEnabled: true, networkConnectionEnabled: false, pageLoadStrategy: normal, platform: WINDOWS, platformName: WINDOWS, proxy: Proxy(), setWindowRect: true, strictFileInteractability: false, timeouts: {implicit: 0, pageLoad: 300000, script: 30000}, unhandledPromptBehavior: dismiss and notify, webauthn:virtualAuthenticators: true}
Session ID: 4bcd55cf496e0fbff0472dc0b831064c
*** Element info: {Using=id, value=user_dropdown_btn}">
      <![CDATA[org.openqa.selenium.NoSuchElementException: no such element: Unable to locate element: {"method":"css selector","selector":"#user_dropdown_btn"}
  (Session info: chrome=85.0.4183.83)
For documentation on this error, please visit: https://www.seleniumhq.org/exceptions/no_such_element.html
Build info: version: '3.141.59', revision: 'e82be7d358', time: '2018-11-14T08:17:03'
System info: host: 'DESKTOP-9DC16RT', ip: '192.168.99.1', os.name: 'Windows 10', os.arch: 'amd64', os.version: '10.0', java.version: '1.8.0_241'
Driver info: org.openqa.selenium.chrome.ChromeDriver
Capabilities {acceptInsecureCerts: false, browserName: chrome, browserVersion: 85.0.4183.83, chrome: {chromedriverVersion: 84.0.4147.30 (48b3e868b4cc0..., userDataDir: C:\Users\Ashraf\AppData\Loc...}, goog:chromeOptions: {debuggerAddress: localhost:64887}, javascriptEnabled: true, networkConnectionEnabled: false, pageLoadStrategy: normal, platform: WINDOWS, platformName: WINDOWS, proxy: Proxy(), setWindowRect: true, strictFileInteractability: false, timeouts: {implicit: 0, pageLoad: 300000, script: 30000}, unhandledPromptBehavior: dismiss and notify, webauthn:virtualAuthenticators: true}
Session ID: 4bcd55cf496e0fbff0472dc0b831064c
*** Element info: {Using=id, value=user_dropdown_btn}
	at org.openqa.selenium.remote.http.W3CHttpResponseCodec.createException(W3CHttpResponseCodec.java:187)
	at org.openqa.selenium.remote.http.W3CHttpResponseCodec.decode(W3CHttpResponseCodec.java:122)
	at org.openqa.selenium.remote.http.W3CHttpResponseCodec.decode(W3CHttpResponseCodec.java:49)
	at org.openqa.selenium.remote.HttpCommandExecutor.execute(HttpCommandExecutor.java:158)
	at org.openqa.selenium.remote.service.DriverCommandExecutor.execute(DriverCommandExecutor.java:83)
	at org.openqa.selenium.remote.RemoteWebDriver.execute(RemoteWebDriver.java:552)
	at org.openqa.selenium.remote.RemoteWebDriver.findElement(RemoteWebDriver.java:323)
	at org.openqa.selenium.remote.RemoteWebDriver.findElementById(RemoteWebDriver.java:372)
	at org.openqa.selenium.By$ById.findElement(By.java:188)
	at org.openqa.selenium.remote.RemoteWebDriver.findElement(RemoteWebDriver.java:315)
	at OPDEMR.base.BasePage.javascriptButtonClick(BasePage.java:359)
	at OPDEMR.pages.BasicControllerPage.CliCkOnAnyUserDropDownButton(BasicControllerPage.java:90)
	at OPDEMR.tests.LoginTest.VerifyChangePasswordAndLoggingInAndChangingAgain(LoginTest.java:118)
... Removed 27 stack frames]]>
    </failure>
  </testcase> <!-- VerifyChangePasswordAndLoggingInAndChangingAgain -->
  <testcase name="VerifyChangePasswordAndLoggingInAndChangingAgain" time="0.002" classname="OPDEMR.tests.LoginTest">
    <skipped/>
  </testcase> <!-- VerifyChangePasswordAndLoggingInAndChangingAgain -->
  <testcase name="VerifyValidationMessagesOfSeacrhPages" time="0.001" classname="OPDEMR.tests.SearchTest">
    <skipped/>
  </testcase> <!-- VerifyValidationMessagesOfSeacrhPages -->
  <testcase name="VerifySeacrhFunctionalityOfSeacrhPages" time="0.001" classname="OPDEMR.tests.SearchTest">
    <skipped/>
  </testcase> <!-- VerifySeacrhFunctionalityOfSeacrhPages -->
</testsuite> <!-- Functionality test1 -->
