<?xml version="1.0" encoding="UTF-8"?>
<testng-results skipped="0" failed="1" total="2" passed="1">
  <reporter-output>
    <line>
      <![CDATA[<a href= 'C:/Users/Ashraf/git/OPDEMR/OPDEMR_Automation/screenshots/VerifySeacrhFunctionalityOfSeacrhPages2020-10-21-10-04-57.png'target='_blank' ><img src='C:/Users/Ashraf/git/OPDEMR/OPDEMR_Automation/screenshots/VerifySeacrhFunctionalityOfSeacrhPages2020-10-21-10-04-57.png'>VerifySeacrhFunctionalityOfSeacrhPages2020-10-21-10-04-57</a>]]>
    </line>
  </reporter-output>
  <suite name="Default suite" duration-ms="370487" started-at="2020-10-21T04:31:23Z" finished-at="2020-10-21T04:37:34Z">
    <groups>
    </groups>
    <test name="Default test" duration-ms="370487" started-at="2020-10-21T04:31:23Z" finished-at="2020-10-21T04:37:34Z">
      <class name="OPDEMR.tests.SearchTest">
        <test-method status="PASS" signature="before()[pri:0, instance:OPDEMR.tests.SearchTest@644baf4a]" name="before" is-config="true" duration-ms="173" started-at="2020-10-21T10:01:23Z" finished-at="2020-10-21T10:01:23Z">
          <reporter-output>
          </reporter-output>
        </test-method> <!-- before -->
        <test-method status="PASS" signature="driversetup(java.lang.String)[pri:0, instance:OPDEMR.tests.SearchTest@644baf4a]" name="driversetup" is-config="true" duration-ms="6894" started-at="2020-10-21T10:01:23Z" finished-at="2020-10-21T10:01:30Z">
          <params>
            <param index="0">
              <value>
                <![CDATA[Optional Parameter]]>
              </value>
            </param>
          </params>
          <reporter-output>
          </reporter-output>
        </test-method> <!-- driversetup -->
        <test-method status="PASS" signature="initializePages()[pri:0, instance:OPDEMR.tests.SearchTest@644baf4a]" name="initializePages" is-config="true" duration-ms="7" started-at="2020-10-21T10:01:30Z" finished-at="2020-10-21T10:01:30Z">
          <reporter-output>
          </reporter-output>
        </test-method> <!-- initializePages -->
        <test-method status="FAIL" signature="VerifySeacrhFunctionalityOfSeacrhPages()[pri:0, instance:OPDEMR.tests.SearchTest@644baf4a]" name="VerifySeacrhFunctionalityOfSeacrhPages" duration-ms="207349" started-at="2020-10-21T10:01:30Z" finished-at="2020-10-21T10:04:57Z">
          <exception class="java.lang.AssertionError">
            <message>
              <![CDATA[The following asserts failed:
Patient is not found with W1234 and Name- APPANNA YARAGAL, Patient is not found with by searching only with W1234]]>
            </message>
            <full-stacktrace>
              <![CDATA[java.lang.AssertionError: The following asserts failed:
Patient is not found with W1234 and Name- APPANNA YARAGAL, Patient is not found with by searching only with W1234
	at org.testng.asserts.SoftAssert.assertAll(SoftAssert.java:38)
	at OPDEMR.tests.SearchTest.VerifySeacrhFunctionalityOfSeacrhPages(SearchTest.java:140)
	at sun.reflect.NativeMethodAccessorImpl.invoke0(Native Method)
	at sun.reflect.NativeMethodAccessorImpl.invoke(NativeMethodAccessorImpl.java:62)
	at sun.reflect.DelegatingMethodAccessorImpl.invoke(DelegatingMethodAccessorImpl.java:43)
	at java.lang.reflect.Method.invoke(Method.java:498)
	at org.testng.internal.MethodInvocationHelper.invokeMethod(MethodInvocationHelper.java:84)
	at org.testng.internal.Invoker.invokeMethod(Invoker.java:714)
	at org.testng.internal.Invoker.invokeTestMethod(Invoker.java:901)
	at org.testng.internal.Invoker.invokeTestMethods(Invoker.java:1231)
	at org.testng.internal.TestMethodWorker.invokeTestMethods(TestMethodWorker.java:127)
	at org.testng.internal.TestMethodWorker.run(TestMethodWorker.java:111)
	at org.testng.TestRunner.privateRun(TestRunner.java:767)
	at org.testng.TestRunner.run(TestRunner.java:617)
	at org.testng.SuiteRunner.runTest(SuiteRunner.java:334)
	at org.testng.SuiteRunner.runSequentially(SuiteRunner.java:329)
	at org.testng.SuiteRunner.privateRun(SuiteRunner.java:291)
	at org.testng.SuiteRunner.run(SuiteRunner.java:240)
	at org.testng.SuiteRunnerWorker.runSuite(SuiteRunnerWorker.java:52)
	at org.testng.SuiteRunnerWorker.run(SuiteRunnerWorker.java:86)
	at org.testng.TestNG.runSuitesSequentially(TestNG.java:1224)
	at org.testng.TestNG.runSuitesLocally(TestNG.java:1149)
	at org.testng.TestNG.run(TestNG.java:1057)
	at org.testng.remote.AbstractRemoteTestNG.run(AbstractRemoteTestNG.java:115)
	at org.testng.remote.RemoteTestNG.initAndRun(RemoteTestNG.java:251)
	at org.testng.remote.RemoteTestNG.main(RemoteTestNG.java:77)
]]>
            </full-stacktrace>
          </exception> <!-- java.lang.AssertionError -->
          <reporter-output>
          </reporter-output>
        </test-method> <!-- VerifySeacrhFunctionalityOfSeacrhPages -->
        <test-method status="PASS" signature="afterMainMethod(org.testng.ITestResult)[pri:0, instance:OPDEMR.tests.SearchTest@644baf4a]" name="afterMainMethod" is-config="true" duration-ms="4284" started-at="2020-10-21T10:04:57Z" finished-at="2020-10-21T10:05:02Z">
          <params>
            <param index="0">
              <value>
                <![CDATA[[TestResult name=VerifySeacrhFunctionalityOfSeacrhPages status=FAILURE method=SearchTest.VerifySeacrhFunctionalityOfSeacrhPages()[pri:0, instance:OPDEMR.tests.SearchTest@644baf4a] output={null}]]]>
              </value>
            </param>
          </params>
          <reporter-output>
            <line>
              <![CDATA[<a href= 'C:/Users/Ashraf/git/OPDEMR/OPDEMR_Automation/screenshots/VerifySeacrhFunctionalityOfSeacrhPages2020-10-21-10-04-57.png'target='_blank' ><img src='C:/Users/Ashraf/git/OPDEMR/OPDEMR_Automation/screenshots/VerifySeacrhFunctionalityOfSeacrhPages2020-10-21-10-04-57.png'>VerifySeacrhFunctionalityOfSeacrhPages2020-10-21-10-04-57</a>]]>
            </line>
          </reporter-output>
        </test-method> <!-- afterMainMethod -->
        <test-method status="PASS" signature="driversetup(java.lang.String)[pri:0, instance:OPDEMR.tests.SearchTest@644baf4a]" name="driversetup" is-config="true" duration-ms="5699" started-at="2020-10-21T10:05:02Z" finished-at="2020-10-21T10:05:07Z">
          <params>
            <param index="0">
              <value>
                <![CDATA[Optional Parameter]]>
              </value>
            </param>
          </params>
          <reporter-output>
          </reporter-output>
        </test-method> <!-- driversetup -->
        <test-method status="PASS" signature="VerifyValidationMessagesOfSeacrhPages()[pri:0, instance:OPDEMR.tests.SearchTest@644baf4a]" name="VerifyValidationMessagesOfSeacrhPages" duration-ms="145340" started-at="2020-10-21T10:05:07Z" finished-at="2020-10-21T10:07:33Z">
          <reporter-output>
          </reporter-output>
        </test-method> <!-- VerifyValidationMessagesOfSeacrhPages -->
        <test-method status="PASS" signature="initializePages()[pri:0, instance:OPDEMR.tests.SearchTest@644baf4a]" name="initializePages" is-config="true" duration-ms="0" started-at="2020-10-21T10:05:07Z" finished-at="2020-10-21T10:05:07Z">
          <reporter-output>
          </reporter-output>
        </test-method> <!-- initializePages -->
        <test-method status="PASS" signature="afterMainMethod(org.testng.ITestResult)[pri:0, instance:OPDEMR.tests.SearchTest@644baf4a]" name="afterMainMethod" is-config="true" duration-ms="885" started-at="2020-10-21T10:07:33Z" finished-at="2020-10-21T10:07:34Z">
          <params>
            <param index="0">
              <value>
                <![CDATA[[TestResult name=VerifyValidationMessagesOfSeacrhPages status=SUCCESS method=SearchTest.VerifyValidationMessagesOfSeacrhPages()[pri:0, instance:OPDEMR.tests.SearchTest@644baf4a] output={null}]]]>
              </value>
            </param>
          </params>
          <reporter-output>
          </reporter-output>
        </test-method> <!-- afterMainMethod -->
        <test-method status="PASS" signature="tearDownSuite()[pri:0, instance:OPDEMR.tests.SearchTest@644baf4a]" name="tearDownSuite" is-config="true" duration-ms="54" started-at="2020-10-21T10:07:34Z" finished-at="2020-10-21T10:07:34Z">
          <reporter-output>
          </reporter-output>
        </test-method> <!-- tearDownSuite -->
      </class> <!-- OPDEMR.tests.SearchTest -->
    </test> <!-- Default test -->
  </suite> <!-- Default suite -->
</testng-results>
