<?xml version="1.0" encoding="UTF-8"?>
<!-- Generated by org.testng.reporters.JUnitReportReporter -->
<testsuite hostname="DESKTOP-9DC16RT" name="OPDEMR.tests.SearchTest" tests="2" failures="0" timestamp="21 Oct 2020 04:37:34 GMT" time="370.458" errors="1">
  <testcase name="VerifyValidationMessagesOfSeacrhPages" time="153.119" classname="OPDEMR.tests.SearchTest"/>
  <testcase name="VerifySeacrhFunctionalityOfSeacrhPages" time="217.339" classname="OPDEMR.tests.SearchTest">
    <error type="java.lang.AssertionError" message="The following asserts failed:
Patient is not found with W1234 and Name- APPANNA YARAGAL, Patient is not found with by searching only with W1234">
      <![CDATA[java.lang.AssertionError: The following asserts failed:
Patient is not found with W1234 and Name- APPANNA YARAGAL, Patient is not found with by searching only with W1234
	at org.testng.asserts.SoftAssert.assertAll(SoftAssert.java:38)
	at OPDEMR.tests.SearchTest.VerifySeacrhFunctionalityOfSeacrhPages(SearchTest.java:140)
	at sun.reflect.NativeMethodAccessorImpl.invoke0(Native Method)
	at sun.reflect.NativeMethodAccessorImpl.invoke(NativeMethodAccessorImpl.java:62)
	at sun.reflect.DelegatingMethodAccessorImpl.invoke(DelegatingMethodAccessorImpl.java:43)
	at java.lang.reflect.Method.invoke(Method.java:498)
	at org.testng.internal.MethodInvocationHelper.invokeMethod(MethodInvocationHelper.java:84)
	at org.testng.internal.Invoker.invokeMethod(Invoker.java:714)
	at org.testng.internal.Invoker.invokeTestMethod(Invoker.java:901)
	at org.testng.internal.Invoker.invokeTestMethods(Invoker.java:1231)
	at org.testng.internal.TestMethodWorker.invokeTestMethods(TestMethodWorker.java:127)
	at org.testng.internal.TestMethodWorker.run(TestMethodWorker.java:111)
	at org.testng.TestRunner.privateRun(TestRunner.java:767)
	at org.testng.TestRunner.run(TestRunner.java:617)
	at org.testng.SuiteRunner.runTest(SuiteRunner.java:334)
	at org.testng.SuiteRunner.runSequentially(SuiteRunner.java:329)
	at org.testng.SuiteRunner.privateRun(SuiteRunner.java:291)
	at org.testng.SuiteRunner.run(SuiteRunner.java:240)
	at org.testng.SuiteRunnerWorker.runSuite(SuiteRunnerWorker.java:52)
	at org.testng.SuiteRunnerWorker.run(SuiteRunnerWorker.java:86)
	at org.testng.TestNG.runSuitesSequentially(TestNG.java:1224)
	at org.testng.TestNG.runSuitesLocally(TestNG.java:1149)
	at org.testng.TestNG.run(TestNG.java:1057)
	at org.testng.remote.AbstractRemoteTestNG.run(AbstractRemoteTestNG.java:115)
	at org.testng.remote.RemoteTestNG.initAndRun(RemoteTestNG.java:251)
	at org.testng.remote.RemoteTestNG.main(RemoteTestNG.java:77)
]]>
    </error>
  </testcase> <!-- VerifySeacrhFunctionalityOfSeacrhPages -->
</testsuite> <!-- OPDEMR.tests.SearchTest -->
